android/app/build/intermediates/manifest_merge_blame_file/release/manifest-merger-blame-release-report.txt
1<?xml version="1.0" encoding="utf-8"?>
2<manifest xmlns:android="http://schemas.android.com/apk/res/android"
3    package="org.jitsi.meet"
4    android:installLocation="auto"
5    android:versionCode="15212374"
6    android:versionName="99.0.0" >
7
8    <uses-sdk
9        android:minSdkVersion="24"
9-->src/main/AndroidManifest.xml
10        android:targetSdkVersion="33" />
10-->src/main/AndroidManifest.xml
11    <!-- XXX ACCESS_NETWORK_STATE is required by WebRTC. -->
12    <uses-permission android:name="android.permission.ACCESS_NETWORK_STATE" />
12-->[:sdk] AndroidManifest.xml:10:5-79
12-->[:sdk] AndroidManifest.xml:10:22-76
13    <uses-permission android:name="android.permission.BLUETOOTH" />
13-->[:sdk] AndroidManifest.xml:11:5-68
13-->[:sdk] AndroidManifest.xml:11:22-65
14    <uses-permission android:name="android.permission.CAMERA" />
14-->[:sdk] AndroidManifest.xml:12:5-65
14-->[:sdk] AndroidManifest.xml:12:22-62
15    <uses-permission android:name="android.permission.INTERNET" />
15-->[:sdk] AndroidManifest.xml:13:5-67
15-->[:sdk] AndroidManifest.xml:13:22-64
16    <uses-permission android:name="android.permission.MANAGE_OWN_CALLS" />
16-->[:sdk] AndroidManifest.xml:14:5-75
16-->[:sdk] AndroidManifest.xml:14:22-72
17    <uses-permission android:name="android.permission.MODIFY_AUDIO_SETTINGS" />
17-->[:sdk] AndroidManifest.xml:15:5-80
17-->[:sdk] AndroidManifest.xml:15:22-77
18    <uses-permission android:name="android.permission.RECORD_AUDIO" />
18-->[:sdk] AndroidManifest.xml:16:5-71
18-->[:sdk] AndroidManifest.xml:16:22-68
19    <uses-permission android:name="android.permission.WAKE_LOCK" />
19-->[:sdk] AndroidManifest.xml:17:5-68
19-->[:sdk] AndroidManifest.xml:17:22-65
20    <uses-permission android:name="android.permission.ACCESS_WIFI_STATE" />
20-->[:sdk] AndroidManifest.xml:18:5-76
20-->[:sdk] AndroidManifest.xml:18:22-73
21    <uses-permission android:name="android.permission.FOREGROUND_SERVICE" />
21-->[:sdk] AndroidManifest.xml:19:5-77
21-->[:sdk] AndroidManifest.xml:19:22-74
22
23    <uses-feature
23-->[:sdk] AndroidManifest.xml:21:5-23:35
24        android:glEsVersion="0x00020000"
24-->[:sdk] AndroidManifest.xml:22:9-41
25        android:required="true" />
25-->[:sdk] AndroidManifest.xml:23:9-32
26    <uses-feature
26-->[:sdk] AndroidManifest.xml:24:5-26:36
27        android:name="android.hardware.camera"
27-->[:sdk] AndroidManifest.xml:25:9-47
28        android:required="false" />
28-->[:sdk] AndroidManifest.xml:26:9-33
29    <uses-feature
29-->[:sdk] AndroidManifest.xml:27:5-29:36
30        android:name="android.hardware.camera.autofocus"
30-->[:sdk] AndroidManifest.xml:28:9-57
31        android:required="false" />
31-->[:sdk] AndroidManifest.xml:29:9-33
32
33    <uses-permission android:name="android.permission.WRITE_CALENDAR" />
33-->[:react-native-calendar-events] AndroidManifest.xml:9:5-73
33-->[:react-native-calendar-events] AndroidManifest.xml:9:22-70
34    <uses-permission android:name="android.permission.READ_CALENDAR" />
34-->[:react-native-calendar-events] AndroidManifest.xml:10:5-72
34-->[:react-native-calendar-events] AndroidManifest.xml:10:22-69
35    <uses-permission android:name="com.google.android.finsky.permission.BIND_GET_INSTALL_REFERRER_SERVICE" />
35-->[com.google.android.gms:play-services-measurement:21.3.0] AndroidManifest.xml:26:5-110
35-->[com.google.android.gms:play-services-measurement:21.3.0] AndroidManifest.xml:26:22-107
36    <uses-permission android:name="com.google.android.gms.permission.AD_ID" />
36-->[com.google.android.gms:play-services-measurement-api:21.3.0] AndroidManifest.xml:25:5-79
36-->[com.google.android.gms:play-services-measurement-api:21.3.0] AndroidManifest.xml:25:22-76
37
38    <application
38-->src/main/AndroidManifest.xml:5:3-45:17
39        android:allowBackup="true"
39-->src/main/AndroidManifest.xml:6:7-33
40        android:appComponentFactory="androidx.core.app.CoreComponentFactory"
40-->[androidx.core:core:1.8.0] AndroidManifest.xml:24:18-86
41        android:extractNativeLibs="true"
41-->src/main/AndroidManifest.xml:7:7-39
42        android:icon="@mipmap/ic_launcher"
42-->src/main/AndroidManifest.xml:8:7-41
43        android:label="@string/app_name"
43-->src/main/AndroidManifest.xml:9:7-39
44        android:networkSecurityConfig="@xml/network_security_config"
44-->src/main/AndroidManifest.xml:10:7-67
45        android:supportsRtl="true"
45-->[:sdk] AndroidManifest.xml:34:9-35
46        android:theme="@style/AppTheme" >
46-->src/main/AndroidManifest.xml:11:7-38
47        <meta-data
47-->src/main/AndroidManifest.xml:12:5-14:52
48            android:name="android.content.APP_RESTRICTIONS"
48-->src/main/AndroidManifest.xml:13:9-56
49            android:resource="@xml/app_restrictions" />
49-->src/main/AndroidManifest.xml:14:9-49
50
51        <activity
51-->src/main/AndroidManifest.xml:15:5-44:16
52            android:name="org.jitsi.meet.MainActivity"
52-->src/main/AndroidManifest.xml:21:9-37
53            android:configChanges="keyboard|keyboardHidden|orientation|screenLayout|screenSize|smallestScreenSize|uiMode"
53-->src/main/AndroidManifest.xml:16:9-118
54            android:exported="true"
54-->src/main/AndroidManifest.xml:17:9-32
55            android:label="@string/app_name"
55-->src/main/AndroidManifest.xml:18:9-41
56            android:launchMode="singleInstance"
56-->src/main/AndroidManifest.xml:19:9-44
57            android:resizeableActivity="true"
57-->src/main/AndroidManifest.xml:22:9-42
58            android:supportsPictureInPicture="true"
58-->src/main/AndroidManifest.xml:23:9-48
59            android:taskAffinity=""
59-->src/main/AndroidManifest.xml:20:9-32
60            android:windowSoftInputMode="adjustResize" >
60-->src/main/AndroidManifest.xml:24:9-51
61            <meta-data
61-->src/main/AndroidManifest.xml:25:7-97
62                android:name="firebase_crashlytics_collection_enabled"
62-->src/main/AndroidManifest.xml:25:18-72
63                android:value="false" />
63-->src/main/AndroidManifest.xml:25:73-94
64
65            <intent-filter>
65-->src/main/AndroidManifest.xml:26:7-29:23
66                <action android:name="android.intent.action.MAIN" />
66-->src/main/AndroidManifest.xml:27:9-61
66-->src/main/AndroidManifest.xml:27:17-58
67
68                <category android:name="android.intent.category.LAUNCHER" />
68-->src/main/AndroidManifest.xml:28:9-69
68-->src/main/AndroidManifest.xml:28:19-66
69            </intent-filter>
70            <intent-filter>
70-->src/main/AndroidManifest.xml:30:7-37:23
71                <action android:name="android.intent.action.VIEW" />
71-->src/main/AndroidManifest.xml:31:9-61
71-->src/main/AndroidManifest.xml:31:17-58
72
73                <category android:name="android.intent.category.BROWSABLE" />
73-->src/main/AndroidManifest.xml:32:9-70
73-->src/main/AndroidManifest.xml:32:19-67
74                <category android:name="android.intent.category.DEFAULT" />
74-->src/main/AndroidManifest.xml:33:9-68
74-->src/main/AndroidManifest.xml:33:19-65
75
76                <data
76-->src/main/AndroidManifest.xml:34:9-71
77                    android:host="alpha.jitsi.net"
77-->src/main/AndroidManifest.xml:34:15-45
78                    android:scheme="https" />
78-->src/main/AndroidManifest.xml:34:46-68
79                <data
79-->src/main/AndroidManifest.xml:34:9-71
80                    android:host="beta.meet.jit.si"
80-->src/main/AndroidManifest.xml:34:15-45
81                    android:scheme="https" />
81-->src/main/AndroidManifest.xml:34:46-68
82                <data
82-->src/main/AndroidManifest.xml:34:9-71
83                    android:host="meet.jit.si"
83-->src/main/AndroidManifest.xml:34:15-45
84                    android:scheme="https" />
84-->src/main/AndroidManifest.xml:34:46-68
85            </intent-filter>
86            <intent-filter>
86-->src/main/AndroidManifest.xml:38:7-43:23
87                <action android:name="android.intent.action.VIEW" />
87-->src/main/AndroidManifest.xml:31:9-61
87-->src/main/AndroidManifest.xml:31:17-58
88
89                <category android:name="android.intent.category.BROWSABLE" />
89-->src/main/AndroidManifest.xml:32:9-70
89-->src/main/AndroidManifest.xml:32:19-67
90                <category android:name="android.intent.category.DEFAULT" />
90-->src/main/AndroidManifest.xml:33:9-68
90-->src/main/AndroidManifest.xml:33:19-65
91
92                <data android:scheme="org.jitsi.meet" />
92-->src/main/AndroidManifest.xml:34:9-71
92-->src/main/AndroidManifest.xml:34:46-68
93            </intent-filter>
94        </activity>
95        <activity
95-->[:sdk] AndroidManifest.xml:35:9-42:58
96            android:name="org.jitsi.meet.sdk.JitsiMeetActivity"
96-->[:sdk] AndroidManifest.xml:36:13-64
97            android:configChanges="keyboard|keyboardHidden|orientation|screenLayout|screenSize|smallestScreenSize|uiMode"
97-->[:sdk] AndroidManifest.xml:37:13-122
98            android:launchMode="singleTask"
98-->[:sdk] AndroidManifest.xml:38:13-44
99            android:resizeableActivity="true"
99-->[:sdk] AndroidManifest.xml:39:13-46
100            android:supportsPictureInPicture="true"
100-->[:sdk] AndroidManifest.xml:40:13-52
101            android:theme="@style/JitsiMeetActivityStyle"
101-->[:sdk] AndroidManifest.xml:41:13-58
102            android:windowSoftInputMode="adjustResize" />
102-->[:sdk] AndroidManifest.xml:42:13-55
103
104        <service
104-->[:sdk] AndroidManifest.xml:44:9-51:19
105            android:name="org.jitsi.meet.sdk.ConnectionService"
105-->[:sdk] AndroidManifest.xml:45:13-64
106            android:exported="true"
106-->[:sdk] AndroidManifest.xml:46:13-36
107            android:permission="android.permission.BIND_TELECOM_CONNECTION_SERVICE" >
107-->[:sdk] AndroidManifest.xml:47:13-84
108            <intent-filter>
108-->[:sdk] AndroidManifest.xml:48:13-50:29
109                <action android:name="android.telecom.ConnectionService" />
109-->[:sdk] AndroidManifest.xml:49:17-76
109-->[:sdk] AndroidManifest.xml:49:25-73
110            </intent-filter>
111        </service>
112        <service
112-->[:sdk] AndroidManifest.xml:52:9-54:63
113            android:name="org.jitsi.meet.sdk.JitsiMeetOngoingConferenceService"
113-->[:sdk] AndroidManifest.xml:53:13-80
114            android:foregroundServiceType="mediaProjection" />
114-->[:sdk] AndroidManifest.xml:54:13-60
115
116        <provider
116-->[:sdk] AndroidManifest.xml:56:9-61:20
117            android:name="com.reactnativecommunity.webview.RNCWebViewFileProvider"
117-->[:sdk] AndroidManifest.xml:57:13-83
118            android:authorities="org.jitsi.meet.fileprovider"
118-->[:sdk] AndroidManifest.xml:58:13-64
119            android:enabled="false"
119-->[:sdk] AndroidManifest.xml:59:13-36
120            android:exported="false"
120-->[:react-native-webview] AndroidManifest.xml:13:13-37
121            android:grantUriPermissions="true" >
121-->[:react-native-webview] AndroidManifest.xml:14:13-47
122            <meta-data
122-->[:react-native-webview] AndroidManifest.xml:15:13-17:63
123                android:name="android.support.FILE_PROVIDER_PATHS"
123-->[:react-native-webview] AndroidManifest.xml:16:17-67
124                android:resource="@xml/file_provider_paths" />
124-->[:react-native-webview] AndroidManifest.xml:17:17-60
125        </provider>
126        <provider
126-->[:sdk] AndroidManifest.xml:62:9-69:20
127            android:name="androidx.startup.InitializationProvider"
127-->[:sdk] AndroidManifest.xml:63:13-67
128            android:authorities="org.jitsi.meet.androidx-startup"
128-->[:sdk] AndroidManifest.xml:64:13-68
129            android:exported="false" >
129-->[:sdk] AndroidManifest.xml:65:13-37
130            <meta-data
130-->[:sdk] AndroidManifest.xml:66:13-68:52
131                android:name="org.jitsi.meet.sdk.JitsiInitializer"
131-->[:sdk] AndroidManifest.xml:67:17-67
132                android:value="androidx.startup" />
132-->[:sdk] AndroidManifest.xml:68:17-49
133            <meta-data
133-->[androidx.emoji2:emoji2:1.2.0] AndroidManifest.xml:29:13-31:52
134                android:name="androidx.emoji2.text.EmojiCompatInitializer"
134-->[androidx.emoji2:emoji2:1.2.0] AndroidManifest.xml:30:17-75
135                android:value="androidx.startup" />
135-->[androidx.emoji2:emoji2:1.2.0] AndroidManifest.xml:31:17-49
136            <meta-data
136-->[androidx.lifecycle:lifecycle-process:2.4.1] AndroidManifest.xml:31:13-33:52
137                android:name="androidx.lifecycle.ProcessLifecycleInitializer"
137-->[androidx.lifecycle:lifecycle-process:2.4.1] AndroidManifest.xml:32:17-78
138                android:value="androidx.startup" />
138-->[androidx.lifecycle:lifecycle-process:2.4.1] AndroidManifest.xml:33:17-49
139        </provider>
140        <provider
140-->[:react-native-performance] AndroidManifest.xml:10:9-14:39
141            android:name="com.oblador.performance.StartTimeProvider"
141-->[:react-native-performance] AndroidManifest.xml:11:13-69
142            android:authorities="org.jitsi.meet.start.time.provider"
142-->[:react-native-performance] AndroidManifest.xml:12:13-71
143            android:exported="false"
143-->[:react-native-performance] AndroidManifest.xml:13:13-37
144            android:initOrder="200" />
144-->[:react-native-performance] AndroidManifest.xml:14:13-36
145
146        <uses-library
146-->[com.giphy.sdk:ui:2.3.4] AndroidManifest.xml:12:9-14:40
147            android:name="android.test.runner"
147-->[com.giphy.sdk:ui:2.3.4] AndroidManifest.xml:13:13-47
148            android:required="false" />
148-->[com.giphy.sdk:ui:2.3.4] AndroidManifest.xml:14:13-37
149        <uses-library
149-->[com.giphy.sdk:ui:2.3.4] AndroidManifest.xml:15:9-17:40
150            android:name="android.test.base"
150-->[com.giphy.sdk:ui:2.3.4] AndroidManifest.xml:16:13-45
151            android:required="false" />
151-->[com.giphy.sdk:ui:2.3.4] AndroidManifest.xml:17:13-37
152        <uses-library
152-->[com.giphy.sdk:ui:2.3.4] AndroidManifest.xml:18:9-20:40
153            android:name="android.test.mock"
153-->[com.giphy.sdk:ui:2.3.4] AndroidManifest.xml:19:13-45
154            android:required="false" />
154-->[com.giphy.sdk:ui:2.3.4] AndroidManifest.xml:20:13-37
155
156        <activity
156-->[com.google.android.gms:play-services-auth:20.5.0] AndroidManifest.xml:23:9-27:75
157            android:name="com.google.android.gms.auth.api.signin.internal.SignInHubActivity"
157-->[com.google.android.gms:play-services-auth:20.5.0] AndroidManifest.xml:24:13-93
158            android:excludeFromRecents="true"
158-->[com.google.android.gms:play-services-auth:20.5.0] AndroidManifest.xml:25:13-46
159            android:exported="false"
159-->[com.google.android.gms:play-services-auth:20.5.0] AndroidManifest.xml:26:13-37
160            android:theme="@android:style/Theme.Translucent.NoTitleBar" />
160-->[com.google.android.gms:play-services-auth:20.5.0] AndroidManifest.xml:27:13-72
161        <!--
162            Service handling Google Sign-In user revocation. For apps that do not integrate with
163            Google Sign-In, this service will never be started.
164        -->
165        <service
165-->[com.google.android.gms:play-services-auth:20.5.0] AndroidManifest.xml:33:9-37:51
166            android:name="com.google.android.gms.auth.api.signin.RevocationBoundService"
166-->[com.google.android.gms:play-services-auth:20.5.0] AndroidManifest.xml:34:13-89
167            android:exported="true"
167-->[com.google.android.gms:play-services-auth:20.5.0] AndroidManifest.xml:35:13-36
168            android:permission="com.google.android.gms.auth.api.signin.permission.REVOCATION_NOTIFICATION"
168-->[com.google.android.gms:play-services-auth:20.5.0] AndroidManifest.xml:36:13-107
169            android:visibleToInstantApps="true" />
169-->[com.google.android.gms:play-services-auth:20.5.0] AndroidManifest.xml:37:13-48
170        <service
170-->[com.google.firebase:firebase-crashlytics:18.4.3] AndroidManifest.xml:12:9-18:19
171            android:name="com.google.firebase.components.ComponentDiscoveryService"
171-->[com.google.firebase:firebase-crashlytics:18.4.3] AndroidManifest.xml:13:13-84
172            android:directBootAware="true"
172-->[com.google.firebase:firebase-common:20.3.3] AndroidManifest.xml:34:13-43
173            android:exported="false" >
173-->[com.google.firebase:firebase-crashlytics:18.4.3] AndroidManifest.xml:14:13-37
174            <meta-data
174-->[com.google.firebase:firebase-crashlytics:18.4.3] AndroidManifest.xml:15:13-17:85
175                android:name="com.google.firebase.components:com.google.firebase.crashlytics.CrashlyticsRegistrar"
175-->[com.google.firebase:firebase-crashlytics:18.4.3] AndroidManifest.xml:16:17-115
176                android:value="com.google.firebase.components.ComponentRegistrar" />
176-->[com.google.firebase:firebase-crashlytics:18.4.3] AndroidManifest.xml:17:17-82
177            <meta-data
177-->[com.google.firebase:firebase-dynamic-links:21.1.0] AndroidManifest.xml:26:13-28:85
178                android:name="com.google.firebase.components:com.google.firebase.dynamiclinks.internal.FirebaseDynamicLinkRegistrar"
178-->[com.google.firebase:firebase-dynamic-links:21.1.0] AndroidManifest.xml:27:17-133
179                android:value="com.google.firebase.components.ComponentRegistrar" />
179-->[com.google.firebase:firebase-dynamic-links:21.1.0] AndroidManifest.xml:28:17-82
180            <meta-data
180-->[com.google.android.gms:play-services-measurement-api:21.3.0] AndroidManifest.xml:31:13-33:85
181                android:name="com.google.firebase.components:com.google.firebase.analytics.connector.internal.AnalyticsConnectorRegistrar"
181-->[com.google.android.gms:play-services-measurement-api:21.3.0] AndroidManifest.xml:32:17-139
182                android:value="com.google.firebase.components.ComponentRegistrar" />
182-->[com.google.android.gms:play-services-measurement-api:21.3.0] AndroidManifest.xml:33:17-82
183            <meta-data
183-->[com.google.firebase:firebase-sessions:1.0.2] AndroidManifest.xml:25:13-27:85
184                android:name="com.google.firebase.components:com.google.firebase.sessions.FirebaseSessionsRegistrar"
184-->[com.google.firebase:firebase-sessions:1.0.2] AndroidManifest.xml:26:17-117
185                android:value="com.google.firebase.components.ComponentRegistrar" />
185-->[com.google.firebase:firebase-sessions:1.0.2] AndroidManifest.xml:27:17-82
186            <meta-data
186-->[com.google.firebase:firebase-installations:17.1.3] AndroidManifest.xml:17:13-19:85
187                android:name="com.google.firebase.components:com.google.firebase.installations.FirebaseInstallationsRegistrar"
187-->[com.google.firebase:firebase-installations:17.1.3] AndroidManifest.xml:18:17-127
188                android:value="com.google.firebase.components.ComponentRegistrar" />
188-->[com.google.firebase:firebase-installations:17.1.3] AndroidManifest.xml:19:17-82
189            <meta-data
189-->[com.google.firebase:firebase-datatransport:18.1.8] AndroidManifest.xml:27:13-29:85
190                android:name="com.google.firebase.components:com.google.firebase.datatransport.TransportRegistrar"
190-->[com.google.firebase:firebase-datatransport:18.1.8] AndroidManifest.xml:28:17-115
191                android:value="com.google.firebase.components.ComponentRegistrar" />
191-->[com.google.firebase:firebase-datatransport:18.1.8] AndroidManifest.xml:29:17-82
192            <meta-data
192-->[com.google.firebase:firebase-common-ktx:20.3.3] AndroidManifest.xml:14:13-16:85
193                android:name="com.google.firebase.components:com.google.firebase.ktx.FirebaseCommonKtxRegistrar"
193-->[com.google.firebase:firebase-common-ktx:20.3.3] AndroidManifest.xml:15:17-113
194                android:value="com.google.firebase.components.ComponentRegistrar" />
194-->[com.google.firebase:firebase-common-ktx:20.3.3] AndroidManifest.xml:16:17-82
195        </service>
196
197        <activity
197-->[com.google.android.gms:play-services-base:18.0.1] AndroidManifest.xml:20:9-22:45
198            android:name="com.google.android.gms.common.api.GoogleApiActivity"
198-->[com.google.android.gms:play-services-base:18.0.1] AndroidManifest.xml:20:19-85
199            android:exported="false"
199-->[com.google.android.gms:play-services-base:18.0.1] AndroidManifest.xml:22:19-43
200            android:theme="@android:style/Theme.Translucent.NoTitleBar" />
200-->[com.google.android.gms:play-services-base:18.0.1] AndroidManifest.xml:21:19-78
201
202        <receiver
202-->[com.google.android.gms:play-services-measurement:21.3.0] AndroidManifest.xml:29:9-33:20
203            android:name="com.google.android.gms.measurement.AppMeasurementReceiver"
203-->[com.google.android.gms:play-services-measurement:21.3.0] AndroidManifest.xml:30:13-85
204            android:enabled="true"
204-->[com.google.android.gms:play-services-measurement:21.3.0] AndroidManifest.xml:31:13-35
205            android:exported="false" >
205-->[com.google.android.gms:play-services-measurement:21.3.0] AndroidManifest.xml:32:13-37
206        </receiver>
207
208        <service
208-->[com.google.android.gms:play-services-measurement:21.3.0] AndroidManifest.xml:35:9-38:40
209            android:name="com.google.android.gms.measurement.AppMeasurementService"
209-->[com.google.android.gms:play-services-measurement:21.3.0] AndroidManifest.xml:36:13-84
210            android:enabled="true"
210-->[com.google.android.gms:play-services-measurement:21.3.0] AndroidManifest.xml:37:13-35
211            android:exported="false" />
211-->[com.google.android.gms:play-services-measurement:21.3.0] AndroidManifest.xml:38:13-37
212        <service
212-->[com.google.android.gms:play-services-measurement:21.3.0] AndroidManifest.xml:39:9-43:72
213            android:name="com.google.android.gms.measurement.AppMeasurementJobService"
213-->[com.google.android.gms:play-services-measurement:21.3.0] AndroidManifest.xml:40:13-87
214            android:enabled="true"
214-->[com.google.android.gms:play-services-measurement:21.3.0] AndroidManifest.xml:41:13-35
215            android:exported="false"
215-->[com.google.android.gms:play-services-measurement:21.3.0] AndroidManifest.xml:42:13-37
216            android:permission="android.permission.BIND_JOB_SERVICE" />
216-->[com.google.android.gms:play-services-measurement:21.3.0] AndroidManifest.xml:43:13-69
217
218        <provider
218-->[com.google.firebase:firebase-common:20.3.3] AndroidManifest.xml:25:9-30:39
219            android:name="com.google.firebase.provider.FirebaseInitProvider"
219-->[com.google.firebase:firebase-common:20.3.3] AndroidManifest.xml:26:13-77
220            android:authorities="org.jitsi.meet.firebaseinitprovider"
220-->[com.google.firebase:firebase-common:20.3.3] AndroidManifest.xml:27:13-72
221            android:directBootAware="true"
221-->[com.google.firebase:firebase-common:20.3.3] AndroidManifest.xml:28:13-43
222            android:exported="false"
222-->[com.google.firebase:firebase-common:20.3.3] AndroidManifest.xml:29:13-37
223            android:initOrder="100" />
223-->[com.google.firebase:firebase-common:20.3.3] AndroidManifest.xml:30:13-36
224
225        <meta-data
225-->[com.google.android.gms:play-services-basement:18.2.0] AndroidManifest.xml:21:9-23:69
226            android:name="com.google.android.gms.version"
226-->[com.google.android.gms:play-services-basement:18.2.0] AndroidManifest.xml:22:13-58
227            android:value="@integer/google_play_services_version" />
227-->[com.google.android.gms:play-services-basement:18.2.0] AndroidManifest.xml:23:13-66
228
229        <service
229-->[com.google.android.datatransport:transport-backend-cct:3.1.9] AndroidManifest.xml:28:9-34:19
230            android:name="com.google.android.datatransport.runtime.backends.TransportBackendDiscovery"
230-->[com.google.android.datatransport:transport-backend-cct:3.1.9] AndroidManifest.xml:29:13-103
231            android:exported="false" >
231-->[com.google.android.datatransport:transport-backend-cct:3.1.9] AndroidManifest.xml:30:13-37
232            <meta-data
232-->[com.google.android.datatransport:transport-backend-cct:3.1.9] AndroidManifest.xml:31:13-33:39
233                android:name="backend:com.google.android.datatransport.cct.CctBackendFactory"
233-->[com.google.android.datatransport:transport-backend-cct:3.1.9] AndroidManifest.xml:32:17-94
234                android:value="cct" />
234-->[com.google.android.datatransport:transport-backend-cct:3.1.9] AndroidManifest.xml:33:17-36
235        </service>
236        <service
236-->[com.google.android.datatransport:transport-runtime:3.1.9] AndroidManifest.xml:26:9-30:19
237            android:name="com.google.android.datatransport.runtime.scheduling.jobscheduling.JobInfoSchedulerService"
237-->[com.google.android.datatransport:transport-runtime:3.1.9] AndroidManifest.xml:27:13-117
238            android:exported="false"
238-->[com.google.android.datatransport:transport-runtime:3.1.9] AndroidManifest.xml:28:13-37
239            android:permission="android.permission.BIND_JOB_SERVICE" >
239-->[com.google.android.datatransport:transport-runtime:3.1.9] AndroidManifest.xml:29:13-69
240        </service>
241
242        <receiver
242-->[com.google.android.datatransport:transport-runtime:3.1.9] AndroidManifest.xml:32:9-34:40
243            android:name="com.google.android.datatransport.runtime.scheduling.jobscheduling.AlarmManagerSchedulerBroadcastReceiver"
243-->[com.google.android.datatransport:transport-runtime:3.1.9] AndroidManifest.xml:33:13-132
244            android:exported="false" />
244-->[com.google.android.datatransport:transport-runtime:3.1.9] AndroidManifest.xml:34:13-37
245    </application>
246
247</manifest>